SF:lib/models/book/book_model.dart
DA:20,2
DA:25,1
DA:26,1
LF:3
LH:3
end_of_record
SF:lib/models/book/book_model.g.dart
DA:9,2
DA:10,1
DA:11,1
DA:12,1
DA:13,1
DA:14,4
DA:15,4
DA:16,4
DA:17,1
DA:18,1
DA:19,3
DA:20,1
DA:21,1
DA:22,3
DA:23,1
DA:26,0
DA:27,0
DA:28,0
DA:29,0
DA:30,0
DA:31,0
DA:32,0
DA:33,0
DA:34,0
DA:35,0
DA:36,0
LF:26
LH:15
end_of_record
SF:lib/models/person/person_model.dart
DA:13,2
DA:16,2
LF:2
LH:2
end_of_record
SF:lib/models/person/person_model.g.dart
DA:9,2
DA:10,1
DA:11,1
DA:12,1
DA:15,0
DA:16,0
DA:17,0
DA:18,0
LF:8
LH:4
end_of_record
SF:lib/viewmodels/book_details_view_model.dart
DA:4,0
DA:5,0
DA:6,0
DA:9,2
DA:11,1
DA:12,1
DA:15,0
DA:16,0
LF:8
LH:3
end_of_record
SF:lib/models/response/base_response_model.dart
DA:13,1
DA:16,1
DA:18,1
LF:3
LH:3
end_of_record
SF:lib/models/response/base_response_model.g.dart
DA:9,2
DA:10,1
DA:11,1
DA:12,1
DA:13,1
DA:14,3
DA:15,1
DA:18,0
DA:19,0
DA:20,0
DA:21,0
DA:22,0
DA:23,0
LF:13
LH:7
end_of_record
SF:lib/services/network/api.dart
DA:18,2
DA:23,2
DA:25,0
LF:3
LH:2
end_of_record
SF:lib/services/network/api.g.dart
DA:12,1
DA:21,1
DA:24,1
DA:25,1
DA:27,1
DA:28,3
DA:33,1
DA:34,2
DA:39,5
DA:40,2
DA:44,1
DA:45,1
DA:46,2
DA:47,2
DA:48,1
DA:49,0
DA:51,1
LF:17
LH:16
end_of_record
SF:lib/services/network/failure.dart
DA:7,0
DA:11,0
DA:12,0
LF:3
LH:0
end_of_record
SF:lib/services/network/error_handler.dart
DA:25,0
DA:26,0
DA:28,0
DA:31,0
DA:36,0
DA:37,0
DA:38,0
DA:39,0
DA:40,0
DA:41,0
DA:42,0
DA:43,0
DA:44,0
DA:45,0
DA:46,0
DA:47,0
DA:48,0
DA:49,0
DA:50,0
DA:51,0
DA:52,0
DA:53,0
DA:54,0
DA:55,0
DA:57,0
DA:59,0
DA:60,0
DA:61,0
DA:62,0
DA:63,0
DA:64,0
DA:65,0
DA:66,0
DA:72,0
DA:74,0
DA:75,0
DA:76,0
DA:77,0
DA:78,0
DA:79,0
DA:80,0
DA:81,0
DA:82,0
DA:83,0
DA:87,0
DA:88,0
DA:92,0
DA:93,0
DA:94,0
DA:95,0
DA:99,0
DA:100,0
DA:101,0
DA:102,0
DA:103,0
DA:104,0
DA:108,0
DA:109,0
DA:113,0
DA:116,0
DA:120,0
LF:61
LH:0
end_of_record
SF:lib/services/network/dio_factory.dart
DA:13,1
DA:14,1
DA:15,1
DA:21,1
DA:25,2
DA:28,1
DA:29,1
DA:33,0
DA:35,3
LF:9
LH:8
end_of_record
SF:lib/services/repository_impl.dart
DA:11,0
DA:12,0
DA:17,1
DA:19,1
DA:21,2
DA:22,1
DA:25,2
DA:26,1
DA:28,0
DA:32,0
LF:10
LH:6
end_of_record
SF:lib/viewmodels/books_view_model.dart
DA:10,3
DA:11,0
DA:17,1
DA:19,1
DA:20,2
DA:21,1
DA:22,2
DA:24,0
DA:25,0
DA:26,0
LF:10
LH:6
end_of_record
SF:lib/config_reader.dart
DA:8,0
DA:9,0
DA:10,0
DA:13,0
DA:14,0
DA:17,0
DA:18,0
LF:7
LH:0
end_of_record
SF:lib/services/network/network_info.dart
DA:10,1
DA:12,1
DA:13,2
LF:3
LH:3
end_of_record
SF:lib/utils/utils.dart
DA:5,0
DA:7,0
DA:8,0
DA:9,0
DA:11,0
DA:12,0
DA:13,0
DA:14,0
DA:15,0
DA:18,0
DA:19,0
DA:20,0
LF:12
LH:0
end_of_record
